# !SESSION 2025-06-16 14:11:53.286
# version: 1.1
# verbose: true
# The following option strings are specified for this debug session:
# 	null
| Worker-12: Setup scanner extension configuration | 2025-06-16 14:11:53.286 | com.iar.ide.common | /debug | com.iar.ide.common.logging.Logger | traceFile | 197 | SDK location does not exist: null |
# !SESSION 2025-06-16 14:27:16.160
# version: 1.1
# verbose: true
# The following option strings are specified for this debug session:
# 	null
| Worker-3: Setup scanner extension configuration | 2025-06-16 14:27:16.160 | com.iar.ide.common | /debug | com.iar.ide.common.logging.Logger | traceFile | 197 | SDK location does not exist: null |
# !SESSION 2025-06-16 14:32:47.122
# version: 1.1
# verbose: true
# The following option strings are specified for this debug session:
# 	null
| Worker-0: Setup scanner extension configuration | 2025-06-16 14:32:47.122 | com.iar.ide.common | /debug | com.iar.ide.common.logging.Logger | traceFile | 197 | SDK location does not exist: null |
# !SESSION 2025-06-17 08:06:40.601
# version: 1.1
# verbose: true
# The following option strings are specified for this debug session:
# 	null
| Worker-1: Setup scanner extension configuration | 2025-06-17 08:06:40.601 | com.iar.ide.common | /debug | com.iar.ide.common.logging.Logger | traceFile | 197 | SDK location does not exist: null |
# !SESSION 2025-06-17 11:14:43.908
# version: 1.1
# verbose: true
# The following option strings are specified for this debug session:
# 	null
| Worker-2: Setup scanner extension configuration | 2025-06-17 11:14:43.908 | com.iar.ide.common | /debug | com.iar.ide.common.logging.Logger | traceFile | 197 | SDK location does not exist: null |
# !SESSION 2025-06-17 11:41:46.198
# version: 1.1
# verbose: true
# The following option strings are specified for this debug session:
# 	null
| Worker-0: Setup scanner extension configuration | 2025-06-17 11:41:46.198 | com.iar.ide.common | /debug | com.iar.ide.common.logging.Logger | traceFile | 197 | SDK location does not exist: null |
# !SESSION 2025-06-18 09:18:55.042
# version: 1.1
# verbose: true
# The following option strings are specified for this debug session:
# 	null
| Worker-0: Setup scanner extension configuration | 2025-06-18 09:18:55.042 | com.iar.ide.common | /debug | com.iar.ide.common.logging.Logger | traceFile | 197 | SDK location does not exist: null |
# !SESSION 2025-06-19 08:20:23.537
# version: 1.1
# verbose: true
# The following option strings are specified for this debug session:
# 	null
| Worker-2: Setup scanner extension configuration | 2025-06-19 08:20:23.537 | com.iar.ide.common | /debug | com.iar.ide.common.logging.Logger | traceFile | 197 | SDK location does not exist: null |
# !SESSION 2025-06-19 09:32:11.725
# version: 1.1
# verbose: true
# The following option strings are specified for this debug session:
# 	null
| Worker-8: Setup scanner extension configuration | 2025-06-19 09:32:11.725 | com.iar.ide.common | /debug | com.iar.ide.common.logging.Logger | traceFile | 197 | SDK location does not exist: null |
# !SESSION 2025-06-19 12:55:40.707
# version: 1.1
# verbose: true
# The following option strings are specified for this debug session:
# 	null
| Worker-4: Setup scanner extension configuration | 2025-06-19 12:55:40.707 | com.iar.ide.common | /debug | com.iar.ide.common.logging.Logger | traceFile | 197 | SDK location does not exist: null |
# !SESSION 2025-06-19 14:30:42.500
# version: 1.1
# verbose: true
# The following option strings are specified for this debug session:
# 	null
| Worker-10: Setup scanner extension configuration | 2025-06-19 14:30:42.500 | com.iar.ide.common | /debug | com.iar.ide.common.logging.Logger | traceFile | 197 | SDK location does not exist: null |
# !SESSION 2025-06-21 05:59:40.711
# version: 1.1
# verbose: true
# The following option strings are specified for this debug session:
# 	null
| Worker-3: Setup scanner extension configuration | 2025-06-21 05:59:40.711 | com.iar.ide.common | /debug | com.iar.ide.common.logging.Logger | traceFile | 197 | SDK location does not exist: null |
# !SESSION 2025-06-22 17:56:03.657
# version: 1.1
# verbose: true
# The following option strings are specified for this debug session:
# 	null
| Worker-3: Setup scanner extension configuration | 2025-06-22 17:56:03.657 | com.iar.ide.common | /debug | com.iar.ide.common.logging.Logger | traceFile | 197 | SDK location does not exist: null |
# !SESSION 2025-06-23 13:56:11.658
# version: 1.1
# verbose: true
# The following option strings are specified for this debug session:
# 	null
| Worker-1: Setup scanner extension configuration | 2025-06-23 13:56:11.658 | com.iar.ide.common | /debug | com.iar.ide.common.logging.Logger | traceFile | 197 | SDK location does not exist: null |
# !SESSION 2025-06-23 17:31:44.357
# version: 1.1
# verbose: true
# The following option strings are specified for this debug session:
# 	null
| Worker-0: Setup scanner extension configuration | 2025-06-23 17:31:44.357 | com.iar.ide.common | /debug | com.iar.ide.common.logging.Logger | traceFile | 197 | SDK location does not exist: null |
# !SESSION 2025-06-24 06:11:21.524
# version: 1.1
# verbose: true
# The following option strings are specified for this debug session:
# 	null
| Worker-0: Setup scanner extension configuration | 2025-06-24 06:11:21.524 | com.iar.ide.common | /debug | com.iar.ide.common.logging.Logger | traceFile | 197 | SDK location does not exist: null |
# !SESSION 2025-06-24 06:51:36.464
# version: 1.1
# verbose: true
# The following option strings are specified for this debug session:
# 	null
| Worker-8: Setup scanner extension configuration | 2025-06-24 06:51:36.464 | com.iar.ide.common | /debug | com.iar.ide.common.logging.Logger | traceFile | 197 | SDK location does not exist: null |
# !SESSION 2025-06-24 12:16:02.757
# version: 1.1
# verbose: true
# The following option strings are specified for this debug session:
# 	null
| Worker-1: Setup scanner extension configuration | 2025-06-24 12:16:02.757 | com.iar.ide.common | /debug | com.iar.ide.common.logging.Logger | traceFile | 197 | SDK location does not exist: null |
# !SESSION 2025-06-25 06:48:41.263
# version: 1.1
# verbose: true
# The following option strings are specified for this debug session:
# 	null
| Worker-2: Setup scanner extension configuration | 2025-06-25 06:48:41.263 | com.iar.ide.common | /debug | com.iar.ide.common.logging.Logger | traceFile | 197 | SDK location does not exist: null |
# !SESSION 2025-06-25 09:49:01.067
# version: 1.1
# verbose: true
# The following option strings are specified for this debug session:
# 	null
| Worker-0: Setup scanner extension configuration | 2025-06-25 09:49:01.067 | com.iar.ide.common | /debug | com.iar.ide.common.logging.Logger | traceFile | 197 | SDK location does not exist: null |
# !SESSION 2025-06-26 08:31:16.225
# version: 1.1
# verbose: true
# The following option strings are specified for this debug session:
# 	null
| Worker-5: Setup scanner extension configuration | 2025-06-26 08:31:16.225 | com.iar.ide.common | /debug | com.iar.ide.common.logging.Logger | traceFile | 197 | SDK location does not exist: null |
